<?xml version="1.0" encoding="UTF-8"?>
<!-- Generated by org.testng.reporters.JUnitReportReporter -->
<testsuite hostname="IBM-PF31PR1B" failures="0" tests="1" name="assignment2.Login" time="23.299" errors="0" timestamp="2023-04-10T12:57:37 IST" skipped="0">
  <testcase classname="assignment2.Login" name="login" time="23.299"/>
</testsuite> <!-- assignment2.Login -->
